<?xml version="1.0" encoding="UTF-8"?>
<!-- Generated by org.testng.reporters.JUnitReportReporter -->
<testsuite hostname="DESKTOP-15SGT2T" failures="0" tests="2" name="TestNG.example4_Annotations" time="0.022" errors="0" timestamp="2023-07-21T00:42:44 PDT" skipped="0">
  <testcase classname="TestNG.example4_Annotations" name="verifyFullName1" time="0.016">
    <system-out>
      <![CDATA[running verifyFullName1 TC]]>
    </system-out>
  </testcase> <!-- verifyFullName1 -->
  <testcase classname="TestNG.example4_Annotations" name="verifyFullName2" time="0.006">
    <system-out>
      <![CDATA[running verifyFullName2 TC]]>
    </system-out>
  </testcase> <!-- verifyFullName2 -->
  <system-out>
    <![CDATA[----open browser----
--Login To App--
running verifyFullName1 TC
--Logout From App--
--Login To App--
running verifyFullName2 TC
--Logout From App--
----close browser----]]>
  </system-out>
</testsuite> <!-- TestNG.example4_Annotations -->
